This is pdfTeX, Version 3.14159265-2.6-1.40.16 (TeX Live 2015/W32TeX) (preloaded format=pdflatex 2015.7.24)  31 JUL 2015 15:27
entering extended mode
 restricted \write18 enabled.
 %&-line parsing enabled.
**./relatorioPIBIC_LucasBocanegra.tex
(./relatorioPIBIC_LucasBocanegra.tex
LaTeX2e <2015/01/01> patch level 2
Babel <3.9l> and hyphenation patterns for 79 languages loaded.
(c:/texlive/2015/texmf-dist/tex/latex/abntex2/abntex2.cls
Document Class: abntex2 2015/04/28 v1.9.5 abnTeX2
(c:/texlive/2015/texmf-dist/tex/latex/base/ifthen.sty
Package: ifthen 2014/09/29 v1.1c Standard LaTeX ifthen package (DPC)
)
(c:/texlive/2015/texmf-dist/tex/latex/memoir/memoir.cls
Document Class: memoir 2015/07/08 v3.7e configurable book, report, article docu
ment class
\onelineskip=\skip41
\lxvchars=\skip42
\xlvchars=\skip43
\@memcnta=\count79
\c@@memmarkcntra=\count80
(c:/texlive/2015/texmf-dist/tex/generic/oberdiek/ifpdf.sty
Package: ifpdf 2011/01/30 v2.3 Provides the ifpdf switch (HO)
Package ifpdf Info: pdfTeX in PDF mode is detected.
)
(c:/texlive/2015/texmf-dist/tex/latex/ifetex/ifetex.sty
Package: ifetex 2011/12/15 v1.2 ifetex

(c:/texlive/2015/texmf-dist/tex/plain/ifetex/ifetex.tex))
(c:/texlive/2015/texmf-dist/tex/generic/ifxetex/ifxetex.sty
Package: ifxetex 2010/09/12 v0.6 Provides ifxetex conditional
)
(c:/texlive/2015/texmf-dist/tex/generic/oberdiek/ifluatex.sty
Package: ifluatex 2010/03/01 v1.3 Provides the ifluatex switch (HO)
Package ifluatex Info: LuaTeX not detected.
)
\stockheight=\skip44
\stockwidth=\skip45
\trimtop=\skip46
\trimedge=\skip47

(c:/texlive/2015/texmf-dist/tex/latex/memoir/mem12.clo
File: mem12.clo 2010/10/19 v0.4b memoir class 12pt size option
)
\binding=\skip48
\spinemargin=\skip49
\foremargin=\skip50
\uppermargin=\skip51
\lowermargin=\skip52
\headdrop=\skip53
\normalrulethickness=\skip54
\mem@maxheadheight=\skip55
\mem@maxfootheight=\skip56
\headwidth=\skip57
\c@storedpagenumber=\count81
\memPD=\dimen102
\m@mabparskip=\skip58
\thanksmarkwidth=\skip59
\thanksmarksep=\skip60
\droptitle=\skip61
\c@book=\count82
\c@part=\count83
\c@chapter=\count84
\c@section=\count85
\c@subsection=\count86
\c@subsubsection=\count87
\c@paragraph=\count88
\c@subparagraph=\count89
\beforechapskip=\skip62
\midchapskip=\skip63
\afterchapskip=\skip64
\chapindent=\skip65
\bottomsectionskip=\skip66
\secindent=\skip67
\beforesecskip=\skip68
\aftersecskip=\skip69
\subsecindent=\skip70
\beforesubsecskip=\skip71
\aftersubsecskip=\skip72
\subsubsecindent=\skip73
\beforesubsubsecskip=\skip74
\aftersubsubsecskip=\skip75
\paraindent=\skip76
\beforeparaskip=\skip77
\afterparaskip=\skip78
\subparaindent=\skip79
\beforesubparaskip=\skip80
\aftersubparaskip=\skip81
\pfbreakskip=\skip82
\c@@ppsavesec=\count90
\c@@ppsaveapp=\count91
\ragrparindent=\dimen103
\everylistparindent=\dimen104
\parsepi=\skip83
\topsepi=\skip84
\itemsepi=\skip85
\parsepii=\skip86
\topsepii=\skip87
\topsepiii=\skip88
\itemsepii=\skip89
\itemsepiii=\skip90
\partopsepii=\skip91
\partopsepiii=\skip92
\m@msavetopsep=\skip93
\m@msavepartopsep=\skip94
\@enLab=\toks14
\abstitleskip=\skip95
\absleftindent=\skip96
\abs@leftindent=\dimen105
\absrightindent=\skip97
\absparindent=\skip98
\absparsep=\skip99
\c@vslineno=\count92
\c@poemline=\count93
\c@modulo@vs=\count94
\c@memfvsline=\count95
\vleftskip=\skip100
\vrightskip=\skip101
\stanzaskip=\skip102
\versewidth=\skip103
\vgap=\skip104
\vindent=\skip105
\vleftmargin=\dimen106
\c@verse=\count96
\c@chrsinstr=\count97
\beforepoemtitleskip=\skip106
\afterpoemtitleskip=\skip107
\c@poem=\count98
\beforePoemTitleskip=\skip108
\midPoemTitleskip=\skip109
\afterPoemTitleskip=\skip110
\col@sep=\dimen107
\extrarowheight=\dimen108
\NC@list=\toks15
\extratabsurround=\skip111
\backup@length=\skip112
\TX@col@width=\dimen109
\TX@old@table=\dimen110
\TX@old@col=\dimen111
\TX@target=\dimen112
\TX@delta=\dimen113
\TX@cols=\count99
\TX@ftn=\toks16
\heavyrulewidth=\dimen114
\lightrulewidth=\dimen115
\cmidrulewidth=\dimen116
\belowrulesep=\dimen117
\belowbottomsep=\dimen118
\aboverulesep=\dimen119
\abovetopsep=\dimen120
\cmidrulesep=\dimen121
\cmidrulekern=\dimen122
\defaultaddspace=\dimen123
\@cmidla=\count100
\@cmidlb=\count101
\@aboverulesep=\dimen124
\@belowrulesep=\dimen125
\@thisruleclass=\count102
\@lastruleclass=\count103
\@thisrulewidth=\dimen126
\ctableftskip=\skip113
\ctabrightskip=\skip114
\abovecolumnspenalty=\count104
\@linestogo=\count105
\@cellstogo=\count106
\@cellsincolumn=\count107
\crtok=\toks17
\@mincolumnwidth=\dimen127
\c@newflo@tctr=\count108
\mem@margin@floatbox=\box26
\@contcwidth=\skip115
\@contindw=\skip116
\abovecaptionskip=\skip117
\belowcaptionskip=\skip118
\subfloattopskip=\skip119
\subfloatcapskip=\skip120
\subfloatcaptopadj=\skip121
\subfloatbottomskip=\skip122
\subfloatlabelskip=\skip123
\subfloatcapmargin=\dimen128
\c@@contsubnum=\count109
\m@mscap@capbox=\box27
\m@mscap@fbox=\box28
\sidecapsep=\dimen129
\sidecapwidth=\dimen130
\m@m@tempdima=\dimen131
\m@mscapraise=\dimen132
\sidecapraise=\dimen133
\m@mscapmainwidth=\dimen134
\m@mscaplkern=\dimen135
\beforeepigraphskip=\skip124
\afterepigraphskip=\skip125
\epigraphwidth=\skip126
\epigraphrule=\skip127
LaTeX Info: Redefining \em on input line 7535.
LaTeX Info: Redefining \emph on input line 7543.
\tocentryskip=\skip128
\tocbaseline=\skip129
\cftparskip=\skip130
\cftbeforebookskip=\skip131
\cftbookindent=\dimen136
\cftbooknumwidth=\dimen137
\cftbeforepartskip=\skip132
\cftpartindent=\skip133
\cftpartnumwidth=\skip134
\cftbeforechapterskip=\skip135
\cftchapterindent=\skip136
\cftchapternumwidth=\skip137
\cftbeforesectionskip=\skip138
\cftsectionindent=\skip139
\cftsectionnumwidth=\skip140
\cftbeforesubsectionskip=\skip141
\cftsubsectionindent=\skip142
\cftsubsectionnumwidth=\skip143
\cftbeforesubsubsectionskip=\skip144
\cftsubsubsectionindent=\skip145
\cftsubsubsectionnumwidth=\skip146
\cftbeforeparagraphskip=\skip147
\cftparagraphindent=\skip148
\cftparagraphnumwidth=\skip149
\cftbeforesubparagraphskip=\skip150
\cftsubparagraphindent=\skip151
\cftsubparagraphnumwidth=\skip152
\prechapterprecisshift=\dimen138
\c@maxsecnumdepth=\count110
\bibindent=\dimen139
\bibitemsep=\skip153
\indexcolsep=\skip154
\indexrule=\skip155
\indexmarkstyle=\toks18
\@indexbox=\insert233
\glossarycolsep=\dimen140
\glossaryrule=\dimen141
\sideparvshift=\skip156
\sideins=\insert232
\sidebartopsep=\skip157
\sidebarhsep=\skip158
\sidebarvsep=\skip159
\sidebarwidth=\skip160
\footmarkwidth=\skip161
\footmarksep=\skip162
\footparindent=\skip163
\footinsdim=\skip164
\footinsv@r=\insert231
\@mpfootinsv@r=\insert230
\m@m@k=\count111
\m@m@h=\dimen142
\m@mipn@skip=\skip165
\sidefootins=\insert229
\sidefootadjust=\skip166
\sidefootheight=\skip167
\sidefoothsep=\skip168
\sidefootvsep=\skip169
\sidefootwidth=\skip170
\m@mdownsf=\skip171
\c@sidefootnote=\count112
\sidefootmarkwidth=\skip172
\sidefootmarksep=\skip173
\sidefootparindent=\skip174
\c@pagenote=\count113
\c@pagenoteshadow=\count114
\mem@pn@lastkern=\skip175
\every@verbatim=\toks19
\afterevery@verbatim=\toks20
\verbatim@line=\toks21
\tab@position=\count115
\verbatim@in@stream=\read1
\verbatimindent=\skip176
\verbatim@out=\write3
\bvboxsep=\skip177
\c@memfbvline=\count116
\c@bvlinectr=\count117
\bvnumlength=\skip178
\fb@frw=\dimen143
\fb@frh=\dimen144
\FrameRule=\dimen145
\FrameSep=\dimen146
\c@cp@cntr=\count118
LaTeX Info: Redefining \: on input line 12052.
LaTeX Info: Redefining \! on input line 12054.
\c@ism@mctr=\count119
\c@xsm@mctr=\count120
\c@csm@mctr=\count121
\c@ksm@mctr=\count122
\c@xksm@mctr=\count123
\c@cksm@mctr=\count124
\c@msm@mctr=\count125
\c@xmsm@mctr=\count126
\c@cmsm@mctr=\count127
\c@bsm@mctr=\count128
\c@workm@mctr=\count129
\c@sheetsequence=\count130
\c@lastsheet=\count131
\c@lastpage=\count132
\c@figure=\count133
\c@lofdepth=\count134
\cftbeforefigureskip=\skip179
\cftfigureindent=\skip180
\cftfigurenumwidth=\skip181
\c@table=\count135
\c@lotdepth=\count136
\cftbeforetableskip=\skip182
\cfttableindent=\skip183
\cfttablenumwidth=\skip184
Package abstract [2008/07/23] emulated by memoir.
Package appendix [2008/07/23] emulated by memoir.
Package array [2008/09/09] emulated by memoir.
Package booktabs [2008/07/23] emulated by memoir.
Package ccaption [2008/07/23] emulated by memoir.
Package changepage [2008/07/23] emulated by memoir.
Package chngcntr [2008/07/23] emulated by memoir.
Package chngpage [2008/07/23] emulated by memoir.
Package crop emulated by memoir.
Package dcolumn [2008/07/23] emulated by memoir.
Package delarray [2008/07/23] emulated by memoir.
Package enumerate [2008/07/23] emulated by memoir.
Package epigraph [2008/07/23] emulated by memoir.
Package ifmtarg [2008/07/23] emulated by memoir.
Package index [2008/07/23] emulated by memoir.
Package makeidx [2008/07/23] emulated by memoir.
Package moreverb [2008/07/23] emulated by memoir.
Package mparhack [2008/07/23] emulated by memoir.
Package needspace [2008/07/23] emulated by memoir.
Package newfile [2008/07/23] emulated by memoir.
Package nextpage [2008/07/23] emulated by memoir.
Package pagenote [2008/07/23] emulated by memoir.
Package parskip [2008/07/23] emulated by memoir.
Package patchcmd [2008/07/23] emulated by memoir.
Package setspace [2008/07/23] emulated by memoir.
Package shortvrb [2008/07/23] emulated by memoir.
Package showidx [2008/07/23] emulated by memoir.
Package tabularx [2008/07/23] emulated by memoir.
Package titleref [2008/07/23] emulated by memoir.
Package titling [2008/07/23] emulated by memoir.
Package tocbibind [2008/07/23] emulated by memoir.
Package tocloft [2008/07/23] emulated by memoir.
Package tocvsec2 [2008/07/23] emulated by memoir.
Package verbatim [2008/07/23] emulated by memoir.
Package verse [2008/07/23] emulated by memoir.

(c:/texlive/2015/texmf-dist/tex/latex/memoir/mempatch.sty
Package: mempatch 2009/07/24 v6.0f Patches for memoir class v1.6180339
))
(c:/texlive/2015/texmf-dist/tex/latex/textcase/textcase.sty
Package: textcase 2004/10/07 v0.07 Text only upper/lower case changing (DPC)
LaTeX Info: Redefining \MakeTextUppercase on input line 47.
LaTeX Info: Redefining \MakeTextLowercase on input line 50.
)
(c:/texlive/2015/texmf-dist/tex/latex/hyperref/hyperref.sty
Package: hyperref 2012/11/06 v6.83m Hypertext links for LaTeX

(c:/texlive/2015/texmf-dist/tex/generic/oberdiek/hobsub-hyperref.sty
Package: hobsub-hyperref 2012/05/28 v1.13 Bundle oberdiek, subset hyperref (HO)


(c:/texlive/2015/texmf-dist/tex/generic/oberdiek/hobsub-generic.sty
Package: hobsub-generic 2012/05/28 v1.13 Bundle oberdiek, subset generic (HO)
Package: hobsub 2012/05/28 v1.13 Construct package bundles (HO)
Package: infwarerr 2010/04/08 v1.3 Providing info/warning/error messages (HO)
Package: ltxcmds 2011/11/09 v1.22 LaTeX kernel commands for general use (HO)
Package hobsub Info: Skipping package `ifluatex' (already loaded).
Package: ifvtex 2010/03/01 v1.5 Detect VTeX and its facilities (HO)
Package ifvtex Info: VTeX not detected.
Package: intcalc 2007/09/27 v1.1 Expandable calculations with integers (HO)
Package hobsub Info: Skipping package `ifpdf' (already loaded).
Package: etexcmds 2011/02/16 v1.5 Avoid name clashes with e-TeX commands (HO)
Package etexcmds Info: Could not find \expanded.
(etexcmds)             That can mean that you are not using pdfTeX 1.50 or
(etexcmds)             that some package has redefined \expanded.
(etexcmds)             In the latter case, load this package earlier.
Package: kvsetkeys 2012/04/25 v1.16 Key value parser (HO)
Package: kvdefinekeys 2011/04/07 v1.3 Define keys (HO)
Package: pdftexcmds 2011/11/29 v0.20 Utility functions of pdfTeX for LuaTeX (HO
)
Package pdftexcmds Info: LuaTeX not detected.
Package pdftexcmds Info: \pdf@primitive is available.
Package pdftexcmds Info: \pdf@ifprimitive is available.
Package pdftexcmds Info: \pdfdraftmode found.
Package: pdfescape 2011/11/25 v1.13 Implements pdfTeX's escape features (HO)
Package: bigintcalc 2012/04/08 v1.3 Expandable calculations on big integers (HO
)
Package: bitset 2011/01/30 v1.1 Handle bit-vector datatype (HO)
Package: uniquecounter 2011/01/30 v1.2 Provide unlimited unique counter (HO)
)
Package hobsub Info: Skipping package `hobsub' (already loaded).
Package: letltxmacro 2010/09/02 v1.4 Let assignment for LaTeX macros (HO)
Package: hopatch 2012/05/28 v1.2 Wrapper for package hooks (HO)
Package: xcolor-patch 2011/01/30 xcolor patch
Package: atveryend 2011/06/30 v1.8 Hooks at the very end of document (HO)
Package atveryend Info: \enddocument detected (standard20110627).
Package: atbegshi 2011/10/05 v1.16 At begin shipout hook (HO)
Package: refcount 2011/10/16 v3.4 Data extraction from label references (HO)
Package: hycolor 2011/01/30 v1.7 Color options for hyperref/bookmark (HO)
)
(c:/texlive/2015/texmf-dist/tex/latex/graphics/keyval.sty
Package: keyval 2014/10/28 v1.15 key=value parser (DPC)
\KV@toks@=\toks22
)
(c:/texlive/2015/texmf-dist/tex/latex/oberdiek/auxhook.sty
Package: auxhook 2011/03/04 v1.3 Hooks for auxiliary files (HO)
)
(c:/texlive/2015/texmf-dist/tex/latex/oberdiek/kvoptions.sty
Package: kvoptions 2011/06/30 v3.11 Key value format for package options (HO)
)
\@linkdim=\dimen147
\Hy@linkcounter=\count137
\Hy@pagecounter=\count138

(c:/texlive/2015/texmf-dist/tex/latex/hyperref/pd1enc.def
File: pd1enc.def 2012/11/06 v6.83m Hyperref: PDFDocEncoding definition (HO)
)
\Hy@SavedSpaceFactor=\count139

(c:/texlive/2015/texmf-dist/tex/latex/latexconfig/hyperref.cfg
File: hyperref.cfg 2002/06/06 v1.2 hyperref configuration of TeXLive
)
Package hyperref Info: Hyper figures OFF on input line 4443.
Package hyperref Info: Link nesting OFF on input line 4448.
Package hyperref Info: Hyper index ON on input line 4451.
Package hyperref Info: Plain pages OFF on input line 4458.
Package hyperref Info: Backreferencing OFF on input line 4463.
Package hyperref Info: Implicit mode ON; LaTeX internals redefined.
Package hyperref Info: Bookmarks ON on input line 4688.
\c@Hy@tempcnt=\count140

(c:/texlive/2015/texmf-dist/tex/latex/url/url.sty
\Urlmuskip=\muskip10
Package: url 2013/09/16  ver 3.4  Verb mode for urls, etc.
)
LaTeX Info: Redefining \url on input line 5041.
\XeTeXLinkMargin=\dimen148
\Fld@menulength=\count141
\Field@Width=\dimen149
\Fld@charsize=\dimen150
Package hyperref Info: Hyper figures OFF on input line 6295.
Package hyperref Info: Link nesting OFF on input line 6300.
Package hyperref Info: Hyper index ON on input line 6303.
Package hyperref Info: backreferencing OFF on input line 6310.
Package hyperref Info: Link coloring OFF on input line 6315.
Package hyperref Info: Link coloring with OCG OFF on input line 6320.
Package hyperref Info: PDF/A mode OFF on input line 6325.
LaTeX Info: Redefining \ref on input line 6365.
LaTeX Info: Redefining \pageref on input line 6369.
\Hy@abspage=\count142
\c@Item=\count143
\c@Hfootnote=\count144
)
(c:/texlive/2015/texmf-dist/tex/latex/memoir/memhfixc.sty
Package: memhfixc 2013/05/30 v1.17 nameref/hyperref package fixes for memoir cl
ass
\c@memhycontfloat=\count145
\c@Hpagenote=\count146
)

Package hyperref Message: Driver (autodetected): hpdftex.

(c:/texlive/2015/texmf-dist/tex/latex/hyperref/hpdftex.def
File: hpdftex.def 2012/11/06 v6.83m Hyperref driver for pdfTeX
\Fld@listcount=\count147
\c@bookmark@seq@number=\count148

(c:/texlive/2015/texmf-dist/tex/latex/oberdiek/rerunfilecheck.sty
Package: rerunfilecheck 2011/04/15 v1.7 Rerun checks for auxiliary files (HO)
Package uniquecounter Info: New unique counter `rerunfilecheck' on input line 2
82.
)
\Hy@SectionHShift=\skip185
)
(c:/texlive/2015/texmf-dist/tex/latex/oberdiek/bookmark.sty
Package: bookmark 2011/12/02 v1.24 PDF bookmarks (HO)

(c:/texlive/2015/texmf-dist/tex/latex/oberdiek/bkm-pdftex.def
File: bkm-pdftex.def 2011/12/02 v1.24 bookmark driver for pdfTeX (HO)
\BKM@id=\count149
))
(c:/texlive/2015/texmf-dist/tex/generic/babel/babel.sty
Package: babel 2014/09/25 3.9l The Babel package

(c:/texlive/2015/texmf-dist/tex/generic/babel-english/english.ldf
Language: english 2012/08/20 v3.3p English support from the babel system

(c:/texlive/2015/texmf-dist/tex/generic/babel/babel.def
File: babel.def 2014/09/25 3.9l Babel common definitions
\babel@savecnt=\count150
\U@D=\dimen151
)
\l@canadian = a dialect from \language\l@american 
\l@australian = a dialect from \language\l@british 
\l@newzealand = a dialect from \language\l@british 
)
(c:/texlive/2015/texmf-dist/tex/generic/babel-spanish/spanish.ldf
Language: spanish.ldf 2014/04/24 v5.0n Spanish support from the babel system
\es@quottoks=\toks23
\es@quotdepth=\count151
Package babel Info: Making " an active character on input line 516.
Package babel Info: Making . an active character on input line 617.
Package babel Info: Making < an active character on input line 662.
Package babel Info: Making > an active character on input line 662.
)
(c:/texlive/2015/texmf-dist/tex/generic/babel-portuges/portuges.ldf
Language: portuges 2008/03/18 v1.2q Portuguese support from the babel system
\l@brazil = a dialect from \language\l@portuges 
))
(c:/texlive/2015/texmf-dist/tex/latex/enumitem/enumitem.sty
Package: enumitem 2011/09/28 v3.5.2 Customized lists
\labelindent=\skip186
\enit@outerparindent=\dimen152
\enit@toks=\toks24
\enit@inbox=\box29
\enitdp@description=\count152
)
(c:/texlive/2015/texmf-dist/tex/latex/tools/calc.sty
Package: calc 2014/10/28 v4.3 Infix arithmetic (KKT,FJ)
\calc@Acount=\count153
\calc@Bcount=\count154
\calc@Adimen=\dimen153
\calc@Bdimen=\dimen154
\calc@Askip=\skip187
\calc@Bskip=\skip188
LaTeX Info: Redefining \setlength on input line 80.
LaTeX Info: Redefining \addtolength on input line 81.
\calc@Ccount=\count155
\calc@Cskip=\skip189
)

******************************************************
Stock height and width: 845.04684pt by 597.50787pt
Top and edge trims: 0pt and 0pt
Page height and width: 845.04684pt by 597.50787pt
Text height and width: 708pt by 455pt
Spine and edge margins: 85.35826pt and 56.9055pt
Upper and lower margins: 85.35826pt and 51.68858pt
Headheight and headsep: 14.5pt and 19.8738pt
Footskip: 30pt
Columnsep and columnseprule: 10pt and 0pt
Marginparsep and marginparwidth: 7pt and 42.9055pt
Sidecapsep and sidecapwidth: 7pt and 92pt
Sidebarhsep and sidebarwidth: 7pt and 92pt
Sidebarvsep and sidebartopsep: 14.5pt and 0pt
Sidebarheight: 590.14995pt
Sidefoothsep and sidefootwidth: 7pt and 92pt
Sidefootvsep and sidefootheight: 14.5pt and 590.14995pt
******************************************************

\c@abntex@bookmarkcounter=\count156
\cftlastnumwidth=\skip190
\chapternamenumlength=\skip191
\ABNTEXcitacaorecuo=\skip192
\c@alineasi=\count157
\c@alineasii=\count158
\enitdp@alineas=\count159
\c@subalineasi=\count160
\enitdp@subalineas=\count161
\c@incisosi=\count162
\enitdp@incisos=\count163
\ABNTEXsignwidth=\skip193
\ABNTEXsignthickness=\skip194
\ABNTEXsignskip=\skip195
) (c:/texlive/2015/texmf-dist/tex/latex/lm/lmodern.sty
Package: lmodern 2009/10/30 v1.6 Latin Modern Fonts
LaTeX Font Info:    Overwriting symbol font `operators' in version `normal'
(Font)                  OT1/cmr/m/n --> OT1/lmr/m/n on input line 22.
LaTeX Font Info:    Overwriting symbol font `letters' in version `normal'
(Font)                  OML/cmm/m/it --> OML/lmm/m/it on input line 23.
LaTeX Font Info:    Overwriting symbol font `symbols' in version `normal'
(Font)                  OMS/cmsy/m/n --> OMS/lmsy/m/n on input line 24.
LaTeX Font Info:    Overwriting symbol font `largesymbols' in version `normal'
(Font)                  OMX/cmex/m/n --> OMX/lmex/m/n on input line 25.
LaTeX Font Info:    Overwriting symbol font `operators' in version `bold'
(Font)                  OT1/cmr/bx/n --> OT1/lmr/bx/n on input line 26.
LaTeX Font Info:    Overwriting symbol font `letters' in version `bold'
(Font)                  OML/cmm/b/it --> OML/lmm/b/it on input line 27.
LaTeX Font Info:    Overwriting symbol font `symbols' in version `bold'
(Font)                  OMS/cmsy/b/n --> OMS/lmsy/b/n on input line 28.
LaTeX Font Info:    Overwriting symbol font `largesymbols' in version `bold'
(Font)                  OMX/cmex/m/n --> OMX/lmex/m/n on input line 29.
LaTeX Font Info:    Overwriting math alphabet `\mathbf' in version `normal'
(Font)                  OT1/cmr/bx/n --> OT1/lmr/bx/n on input line 31.
LaTeX Font Info:    Overwriting math alphabet `\mathsf' in version `normal'
(Font)                  OT1/cmss/m/n --> OT1/lmss/m/n on input line 32.
LaTeX Font Info:    Overwriting math alphabet `\mathit' in version `normal'
(Font)                  OT1/cmr/m/it --> OT1/lmr/m/it on input line 33.
LaTeX Font Info:    Overwriting math alphabet `\mathtt' in version `normal'
(Font)                  OT1/cmtt/m/n --> OT1/lmtt/m/n on input line 34.
LaTeX Font Info:    Overwriting math alphabet `\mathbf' in version `bold'
(Font)                  OT1/cmr/bx/n --> OT1/lmr/bx/n on input line 35.
LaTeX Font Info:    Overwriting math alphabet `\mathsf' in version `bold'
(Font)                  OT1/cmss/bx/n --> OT1/lmss/bx/n on input line 36.
LaTeX Font Info:    Overwriting math alphabet `\mathit' in version `bold'
(Font)                  OT1/cmr/bx/it --> OT1/lmr/bx/it on input line 37.
LaTeX Font Info:    Overwriting math alphabet `\mathtt' in version `bold'
(Font)                  OT1/cmtt/m/n --> OT1/lmtt/m/n on input line 38.
)
(c:/texlive/2015/texmf-dist/tex/latex/base/fontenc.sty
Package: fontenc 2005/09/27 v1.99g Standard LaTeX package

(c:/texlive/2015/texmf-dist/tex/latex/base/t1enc.def
File: t1enc.def 2005/09/27 v1.99g Standard LaTeX file
LaTeX Font Info:    Redeclaring font encoding T1 on input line 48.
))
(c:/texlive/2015/texmf-dist/tex/latex/base/inputenc.sty
Package: inputenc 2015/03/17 v1.2c Input encoding file
\inpenc@prehook=\toks25
\inpenc@posthook=\toks26

(c:/texlive/2015/texmf-dist/tex/latex/base/utf8.def
File: utf8.def 2015/06/27 v1.1n UTF-8 support for inputenc
Now handling font encoding OML ...
... no UTF-8 mapping file for font encoding OML
Now handling font encoding T1 ...
... processing UTF-8 mapping file for font encoding T1

(c:/texlive/2015/texmf-dist/tex/latex/base/t1enc.dfu
File: t1enc.dfu 2015/06/27 v1.1n UTF-8 support for inputenc
   defining Unicode char U+00A1 (decimal 161)
   defining Unicode char U+00A3 (decimal 163)
   defining Unicode char U+00AB (decimal 171)
   defining Unicode char U+00BB (decimal 187)
   defining Unicode char U+00BF (decimal 191)
   defining Unicode char U+00C0 (decimal 192)
   defining Unicode char U+00C1 (decimal 193)
   defining Unicode char U+00C2 (decimal 194)
   defining Unicode char U+00C3 (decimal 195)
   defining Unicode char U+00C4 (decimal 196)
   defining Unicode char U+00C5 (decimal 197)
   defining Unicode char U+00C6 (decimal 198)
   defining Unicode char U+00C7 (decimal 199)
   defining Unicode char U+00C8 (decimal 200)
   defining Unicode char U+00C9 (decimal 201)
   defining Unicode char U+00CA (decimal 202)
   defining Unicode char U+00CB (decimal 203)
   defining Unicode char U+00CC (decimal 204)
   defining Unicode char U+00CD (decimal 205)
   defining Unicode char U+00CE (decimal 206)
   defining Unicode char U+00CF (decimal 207)
   defining Unicode char U+00D0 (decimal 208)
   defining Unicode char U+00D1 (decimal 209)
   defining Unicode char U+00D2 (decimal 210)
   defining Unicode char U+00D3 (decimal 211)
   defining Unicode char U+00D4 (decimal 212)
   defining Unicode char U+00D5 (decimal 213)
   defining Unicode char U+00D6 (decimal 214)
   defining Unicode char U+00D8 (decimal 216)
   defining Unicode char U+00D9 (decimal 217)
   defining Unicode char U+00DA (decimal 218)
   defining Unicode char U+00DB (decimal 219)
   defining Unicode char U+00DC (decimal 220)
   defining Unicode char U+00DD (decimal 221)
   defining Unicode char U+00DE (decimal 222)
   defining Unicode char U+00DF (decimal 223)
   defining Unicode char U+00E0 (decimal 224)
   defining Unicode char U+00E1 (decimal 225)
   defining Unicode char U+00E2 (decimal 226)
   defining Unicode char U+00E3 (decimal 227)
   defining Unicode char U+00E4 (decimal 228)
   defining Unicode char U+00E5 (decimal 229)
   defining Unicode char U+00E6 (decimal 230)
   defining Unicode char U+00E7 (decimal 231)
   defining Unicode char U+00E8 (decimal 232)
   defining Unicode char U+00E9 (decimal 233)
   defining Unicode char U+00EA (decimal 234)
   defining Unicode char U+00EB (decimal 235)
   defining Unicode char U+00EC (decimal 236)
   defining Unicode char U+00ED (decimal 237)
   defining Unicode char U+00EE (decimal 238)
   defining Unicode char U+00EF (decimal 239)
   defining Unicode char U+00F0 (decimal 240)
   defining Unicode char U+00F1 (decimal 241)
   defining Unicode char U+00F2 (decimal 242)
   defining Unicode char U+00F3 (decimal 243)
   defining Unicode char U+00F4 (decimal 244)
   defining Unicode char U+00F5 (decimal 245)
   defining Unicode char U+00F6 (decimal 246)
   defining Unicode char U+00F8 (decimal 248)
   defining Unicode char U+00F9 (decimal 249)
   defining Unicode char U+00FA (decimal 250)
   defining Unicode char U+00FB (decimal 251)
   defining Unicode char U+00FC (decimal 252)
   defining Unicode char U+00FD (decimal 253)
   defining Unicode char U+00FE (decimal 254)
   defining Unicode char U+00FF (decimal 255)
   defining Unicode char U+0102 (decimal 258)
   defining Unicode char U+0103 (decimal 259)
   defining Unicode char U+0104 (decimal 260)
   defining Unicode char U+0105 (decimal 261)
   defining Unicode char U+0106 (decimal 262)
   defining Unicode char U+0107 (decimal 263)
   defining Unicode char U+010C (decimal 268)
   defining Unicode char U+010D (decimal 269)
   defining Unicode char U+010E (decimal 270)
   defining Unicode char U+010F (decimal 271)
   defining Unicode char U+0110 (decimal 272)
   defining Unicode char U+0111 (decimal 273)
   defining Unicode char U+0118 (decimal 280)
   defining Unicode char U+0119 (decimal 281)
   defining Unicode char U+011A (decimal 282)
   defining Unicode char U+011B (decimal 283)
   defining Unicode char U+011E (decimal 286)
   defining Unicode char U+011F (decimal 287)
   defining Unicode char U+0130 (decimal 304)
   defining Unicode char U+0131 (decimal 305)
   defining Unicode char U+0132 (decimal 306)
   defining Unicode char U+0133 (decimal 307)
   defining Unicode char U+0139 (decimal 313)
   defining Unicode char U+013A (decimal 314)
   defining Unicode char U+013D (decimal 317)
   defining Unicode char U+013E (decimal 318)
   defining Unicode char U+0141 (decimal 321)
   defining Unicode char U+0142 (decimal 322)
   defining Unicode char U+0143 (decimal 323)
   defining Unicode char U+0144 (decimal 324)
   defining Unicode char U+0147 (decimal 327)
   defining Unicode char U+0148 (decimal 328)
   defining Unicode char U+014A (decimal 330)
   defining Unicode char U+014B (decimal 331)
   defining Unicode char U+0150 (decimal 336)
   defining Unicode char U+0151 (decimal 337)
   defining Unicode char U+0152 (decimal 338)
   defining Unicode char U+0153 (decimal 339)
   defining Unicode char U+0154 (decimal 340)
   defining Unicode char U+0155 (decimal 341)
   defining Unicode char U+0158 (decimal 344)
   defining Unicode char U+0159 (decimal 345)
   defining Unicode char U+015A (decimal 346)
   defining Unicode char U+015B (decimal 347)
   defining Unicode char U+015E (decimal 350)
   defining Unicode char U+015F (decimal 351)
   defining Unicode char U+0160 (decimal 352)
   defining Unicode char U+0161 (decimal 353)
   defining Unicode char U+0162 (decimal 354)
   defining Unicode char U+0163 (decimal 355)
   defining Unicode char U+0164 (decimal 356)
   defining Unicode char U+0165 (decimal 357)
   defining Unicode char U+016E (decimal 366)
   defining Unicode char U+016F (decimal 367)
   defining Unicode char U+0170 (decimal 368)
   defining Unicode char U+0171 (decimal 369)
   defining Unicode char U+0178 (decimal 376)
   defining Unicode char U+0179 (decimal 377)
   defining Unicode char U+017A (decimal 378)
   defining Unicode char U+017B (decimal 379)
   defining Unicode char U+017C (decimal 380)
   defining Unicode char U+017D (decimal 381)
   defining Unicode char U+017E (decimal 382)
   defining Unicode char U+200C (decimal 8204)
   defining Unicode char U+2013 (decimal 8211)
   defining Unicode char U+2014 (decimal 8212)
   defining Unicode char U+2018 (decimal 8216)
   defining Unicode char U+2019 (decimal 8217)
   defining Unicode char U+201A (decimal 8218)
   defining Unicode char U+201C (decimal 8220)
   defining Unicode char U+201D (decimal 8221)
   defining Unicode char U+201E (decimal 8222)
   defining Unicode char U+2030 (decimal 8240)
   defining Unicode char U+2031 (decimal 8241)
   defining Unicode char U+2039 (decimal 8249)
   defining Unicode char U+203A (decimal 8250)
   defining Unicode char U+2423 (decimal 9251)
)
Now handling font encoding OT1 ...
... processing UTF-8 mapping file for font encoding OT1

(c:/texlive/2015/texmf-dist/tex/latex/base/ot1enc.dfu
File: ot1enc.dfu 2015/06/27 v1.1n UTF-8 support for inputenc
   defining Unicode char U+00A1 (decimal 161)
   defining Unicode char U+00A3 (decimal 163)
   defining Unicode char U+00B8 (decimal 184)
   defining Unicode char U+00BF (decimal 191)
   defining Unicode char U+00C5 (decimal 197)
   defining Unicode char U+00C6 (decimal 198)
   defining Unicode char U+00D8 (decimal 216)
   defining Unicode char U+00DF (decimal 223)
   defining Unicode char U+00E6 (decimal 230)
   defining Unicode char U+00EC (decimal 236)
   defining Unicode char U+00ED (decimal 237)
   defining Unicode char U+00EE (decimal 238)
   defining Unicode char U+00EF (decimal 239)
   defining Unicode char U+00F8 (decimal 248)
   defining Unicode char U+0131 (decimal 305)
   defining Unicode char U+0141 (decimal 321)
   defining Unicode char U+0142 (decimal 322)
   defining Unicode char U+0152 (decimal 338)
   defining Unicode char U+0153 (decimal 339)
   defining Unicode char U+2013 (decimal 8211)
   defining Unicode char U+2014 (decimal 8212)
   defining Unicode char U+2018 (decimal 8216)
   defining Unicode char U+2019 (decimal 8217)
   defining Unicode char U+201C (decimal 8220)
   defining Unicode char U+201D (decimal 8221)
)
Now handling font encoding OMS ...
... processing UTF-8 mapping file for font encoding OMS

(c:/texlive/2015/texmf-dist/tex/latex/base/omsenc.dfu
File: omsenc.dfu 2015/06/27 v1.1n UTF-8 support for inputenc
   defining Unicode char U+00A7 (decimal 167)
   defining Unicode char U+00B6 (decimal 182)
   defining Unicode char U+00B7 (decimal 183)
   defining Unicode char U+2020 (decimal 8224)
   defining Unicode char U+2021 (decimal 8225)
   defining Unicode char U+2022 (decimal 8226)
)
Now handling font encoding OMX ...
... no UTF-8 mapping file for font encoding OMX
Now handling font encoding U ...
... no UTF-8 mapping file for font encoding U
Now handling font encoding PD1 ...
... no UTF-8 mapping file for font encoding PD1
   defining Unicode char U+00A9 (decimal 169)
   defining Unicode char U+00AA (decimal 170)
   defining Unicode char U+00AE (decimal 174)
   defining Unicode char U+00BA (decimal 186)
   defining Unicode char U+02C6 (decimal 710)
   defining Unicode char U+02DC (decimal 732)
   defining Unicode char U+200C (decimal 8204)
   defining Unicode char U+2026 (decimal 8230)
   defining Unicode char U+2122 (decimal 8482)
   defining Unicode char U+2423 (decimal 9251)
))
(c:/texlive/2015/texmf-dist/tex/latex/tools/indentfirst.sty
Package: indentfirst 1995/11/23 v1.03 Indent first paragraph (DPC)
)
(c:/texlive/2015/texmf-dist/tex/latex/graphics/color.sty
Package: color 2014/10/28 v1.1a Standard LaTeX Color (DPC)

(c:/texlive/2015/texmf-dist/tex/latex/latexconfig/color.cfg
File: color.cfg 2007/01/18 v1.5 color configuration of teTeX/TeXLive
)
Package color Info: Driver file: pdftex.def on input line 142.

(c:/texlive/2015/texmf-dist/tex/latex/pdftex-def/pdftex.def
File: pdftex.def 2011/05/27 v0.06d Graphics/color for pdfTeX
\Gread@gobject=\count164
))
(c:/texlive/2015/texmf-dist/tex/latex/graphics/graphicx.sty
Package: graphicx 2014/10/28 v1.0g Enhanced LaTeX Graphics (DPC,SPQR)

(c:/texlive/2015/texmf-dist/tex/latex/graphics/graphics.sty
Package: graphics 2014/10/28 v1.0p Standard LaTeX Graphics (DPC,SPQR)

(c:/texlive/2015/texmf-dist/tex/latex/graphics/trig.sty
Package: trig 1999/03/16 v1.09 sin cos tan (DPC)
)
(c:/texlive/2015/texmf-dist/tex/latex/latexconfig/graphics.cfg
File: graphics.cfg 2010/04/23 v1.9 graphics configuration of TeX Live
)
Package graphics Info: Driver file: pdftex.def on input line 94.
)
\Gin@req@height=\dimen155
\Gin@req@width=\dimen156
)
(c:/texlive/2015/texmf-dist/tex/latex/microtype/microtype.sty
Package: microtype 2013/05/23 v2.5a Micro-typographical refinements (RS)
\MT@toks=\toks27
\MT@count=\count165
LaTeX Info: Redefining \textls on input line 766.
\MT@outer@kern=\dimen157
LaTeX Info: Redefining \textmicrotypecontext on input line 1285.
\MT@listname@count=\count166

(c:/texlive/2015/texmf-dist/tex/latex/microtype/microtype-pdftex.def
File: microtype-pdftex.def 2013/05/23 v2.5a Definitions specific to pdftex (RS)

LaTeX Info: Redefining \lsstyle on input line 915.
LaTeX Info: Redefining \lslig on input line 915.
\MT@outer@space=\skip196
)
Package microtype Info: Loading configuration file microtype.cfg.

(c:/texlive/2015/texmf-dist/tex/latex/microtype/microtype.cfg
File: microtype.cfg 2013/05/23 v2.5a microtype main configuration file (RS)
))
(c:/texlive/2015/texmf-dist/tex/latex/lipsum/lipsum.sty
Package: lipsum 2014/07/27 v1.3 150 paragraphs of Lorem Ipsum dummy text
\c@lips@count=\count167
)
(c:/texlive/2015/texmf-dist/tex/latex/hyperref/backref.sty
Package: backref 2012/07/25 v1.38 Bibliographical back referencing
)
(c:/texlive/2015/texmf-dist/tex/latex/abntex2/abntex2cite.sty
Package: abntex2cite 2015/04/28 v1.9.5 abnTeX2

(c:/texlive/2015/texmf-dist/tex/latex/abntex2/abntex2abrev.sty)
\minimumbiblabelwidth=\skip197
\ABCIauxlen=\skip198
\c@ABCIaux=\count168
\c@ABCImax=\count169

(c:/texlive/2015/texmf-dist/tex/latex/relsize/relsize.sty
Package: relsize 2013/03/29 ver 4.1
)
\biblabelsep=\skip199
LaTeX Info: Redefining \newblock on input line 591.
LaTeX Info: Redefining \cite on input line 618.
\ABCItoken=\toks28
)
Package color Info: Redefining color blue on input line 103.
Package hyperref Info: Option `colorlinks' set `true' on input line 120.
\relatorioPIBIC_LucasBocanegra@idxfile=\write4
\openout4 = `relatorioPIBIC_LucasBocanegra.idx'.


Writing index file relatorioPIBIC_LucasBocanegra.idx 
(./relatorioPIBIC_LucasBocanegra.aux (./chapter-referencial-teorico.aux)
(./chapter-trabalhos-relacionados.aux

LaTeX Warning: Label `cap_exemplos' multiply defined.


LaTeX Warning: Label `sec-citacao' multiply defined.


LaTeX Warning: Label `tab-nivinv' multiply defined.


LaTeX Warning: Label `tabela-ibge' multiply defined.


LaTeX Warning: Label `fig_circulo' multiply defined.


LaTeX Warning: Label `sec-include' multiply defined.


LaTeX Warning: Label `sec-divisoes' multiply defined.


LaTeX Warning: Label `sec-divisoes-subsection' multiply defined.


LaTeX Warning: Label `sec-divisoes-subsubsection' multiply defined.


LaTeX Warning: Label `sec-exemplo-subsec' multiply defined.


LaTeX Warning: Label `sec-exemplo-subsubsubsection' multiply defined.


LaTeX Warning: Label `sec-exemplo-subsubsubsection-outro' multiply defined.


LaTeX Warning: Label `sec-exemplo-paragrafo' multiply defined.


LaTeX Warning: Label `sec-exemplo-paragrafo-outro' multiply defined.


LaTeX Warning: Label `sec-hifenizacao' multiply defined.


LaTeX Warning: Label `tabela-acentos' multiply defined.

) (./chapter-metodologia.aux

LaTeX Warning: Label `cap_exemplos' multiply defined.


LaTeX Warning: Label `sec-citacao' multiply defined.


LaTeX Warning: Label `tab-nivinv' multiply defined.


LaTeX Warning: Label `tabela-ibge' multiply defined.


LaTeX Warning: Label `fig_circulo' multiply defined.


LaTeX Warning: Label `sec-include' multiply defined.


LaTeX Warning: Label `sec-divisoes' multiply defined.


LaTeX Warning: Label `sec-divisoes-subsection' multiply defined.


LaTeX Warning: Label `sec-divisoes-subsubsection' multiply defined.


LaTeX Warning: Label `sec-exemplo-subsec' multiply defined.


LaTeX Warning: Label `sec-exemplo-subsubsubsection' multiply defined.


LaTeX Warning: Label `sec-exemplo-subsubsubsection-outro' multiply defined.


LaTeX Warning: Label `sec-exemplo-paragrafo' multiply defined.


LaTeX Warning: Label `sec-exemplo-paragrafo-outro' multiply defined.


LaTeX Warning: Label `sec-hifenizacao' multiply defined.


LaTeX Warning: Label `tabela-acentos' multiply defined.

) (./chapter-resultados.aux

LaTeX Warning: Label `cap_exemplos' multiply defined.


LaTeX Warning: Label `sec-citacao' multiply defined.


LaTeX Warning: Label `tab-nivinv' multiply defined.


LaTeX Warning: Label `tabela-ibge' multiply defined.


LaTeX Warning: Label `fig_circulo' multiply defined.


LaTeX Warning: Label `sec-include' multiply defined.


LaTeX Warning: Label `sec-divisoes' multiply defined.


LaTeX Warning: Label `sec-divisoes-subsection' multiply defined.


LaTeX Warning: Label `sec-divisoes-subsubsection' multiply defined.


LaTeX Warning: Label `sec-exemplo-subsec' multiply defined.


LaTeX Warning: Label `sec-exemplo-subsubsubsection' multiply defined.


LaTeX Warning: Label `sec-exemplo-subsubsubsection-outro' multiply defined.


LaTeX Warning: Label `sec-exemplo-paragrafo' multiply defined.


LaTeX Warning: Label `sec-exemplo-paragrafo-outro' multiply defined.


LaTeX Warning: Label `sec-hifenizacao' multiply defined.


LaTeX Warning: Label `tabela-acentos' multiply defined.

) (./chapter-avaliacao.aux

LaTeX Warning: Label `cap_exemplos' multiply defined.


LaTeX Warning: Label `sec-citacao' multiply defined.


LaTeX Warning: Label `tab-nivinv' multiply defined.


LaTeX Warning: Label `tabela-ibge' multiply defined.


LaTeX Warning: Label `fig_circulo' multiply defined.


LaTeX Warning: Label `sec-include' multiply defined.


LaTeX Warning: Label `sec-divisoes' multiply defined.


LaTeX Warning: Label `sec-divisoes-subsection' multiply defined.


LaTeX Warning: Label `sec-divisoes-subsubsection' multiply defined.


LaTeX Warning: Label `sec-exemplo-subsec' multiply defined.


LaTeX Warning: Label `sec-exemplo-subsubsubsection' multiply defined.


LaTeX Warning: Label `sec-exemplo-subsubsubsection-outro' multiply defined.


LaTeX Warning: Label `sec-exemplo-paragrafo' multiply defined.


LaTeX Warning: Label `sec-exemplo-paragrafo-outro' multiply defined.


LaTeX Warning: Label `sec-hifenizacao' multiply defined.


LaTeX Warning: Label `tabela-acentos' multiply defined.

))
\openout1 = `relatorioPIBIC_LucasBocanegra.aux'.

LaTeX Font Info:    Checking defaults for OML/cmm/m/it on input line 143.
LaTeX Font Info:    ... okay on input line 143.
LaTeX Font Info:    Checking defaults for T1/cmr/m/n on input line 143.
LaTeX Font Info:    ... okay on input line 143.
LaTeX Font Info:    Checking defaults for OT1/cmr/m/n on input line 143.
LaTeX Font Info:    ... okay on input line 143.
LaTeX Font Info:    Checking defaults for OMS/cmsy/m/n on input line 143.
LaTeX Font Info:    ... okay on input line 143.
LaTeX Font Info:    Checking defaults for OMX/cmex/m/n on input line 143.
LaTeX Font Info:    ... okay on input line 143.
LaTeX Font Info:    Checking defaults for U/cmr/m/n on input line 143.
LaTeX Font Info:    ... okay on input line 143.
LaTeX Font Info:    Checking defaults for PD1/pdf/m/n on input line 143.
LaTeX Font Info:    ... okay on input line 143.
LaTeX Font Info:    Try loading font information for T1+lmr on input line 143.
 (c:/texlive/2015/texmf-dist/tex/latex/lm/t1lmr.fd
File: t1lmr.fd 2009/10/30 v1.6 Font defs for Latin Modern
)
\AtBeginShipoutBox=\box30
Package hyperref Info: Link coloring ON on input line 143.

(c:/texlive/2015/texmf-dist/tex/latex/hyperref/nameref.sty
Package: nameref 2012/10/27 v2.43 Cross-referencing by name of section

(c:/texlive/2015/texmf-dist/tex/generic/oberdiek/gettitlestring.sty
Package: gettitlestring 2010/12/03 v1.4 Cleanup title references (HO)
)
\c@section@level=\count170
)
Redoing nameref's sectioning
Redoing nameref's label
LaTeX Info: Redefining \nameref on input line 143.
LaTeX Info: Redefining \ref on input line 143.
LaTeX Info: Redefining \pageref on input line 143.
LaTeX Info: Redefining \nameref on input line 143.
\myptabbox=\box31
\myptabboxwidth=\skip200
(c:/texlive/2015/texmf-dist/tex/context/base/supp-pdf.mkii
[Loading MPS to PDF converter (version 2006.09.02).]
\scratchcounter=\count171
\scratchdimen=\dimen158
\scratchbox=\box32
\nofMPsegments=\count172
\nofMParguments=\count173
\everyMPshowfont=\toks29
\MPscratchCnt=\count174
\MPscratchDim=\dimen159
\MPnumerator=\count175
\makeMPintoPDFobject=\count176
\everyMPtoPDFconversion=\toks30
) (c:/texlive/2015/texmf-dist/tex/latex/oberdiek/epstopdf-base.sty
Package: epstopdf-base 2010/02/09 v2.5 Base part for package epstopdf

(c:/texlive/2015/texmf-dist/tex/latex/oberdiek/grfext.sty
Package: grfext 2010/08/19 v1.1 Manage graphics extensions (HO)
)
Package grfext Info: Graphics extension search list:
(grfext)             [.png,.pdf,.jpg,.mps,.jpeg,.jbig2,.jb2,.PNG,.PDF,.JPG,.JPE
G,.JBIG2,.JB2,.eps]
(grfext)             \AppendGraphicsExtensions on input line 452.

(c:/texlive/2015/texmf-dist/tex/latex/latexconfig/epstopdf-sys.cfg
File: epstopdf-sys.cfg 2010/07/13 v1.3 Configuration of (r)epstopdf for TeX Liv
e
))
LaTeX Info: Redefining \microtypecontext on input line 143.
Package microtype Info: Generating PDF output.
Package microtype Info: Character protrusion enabled (level 2).
Package microtype Info: Using default protrusion set `alltext'.
Package microtype Info: Automatic font expansion enabled (level 2),
(microtype)             stretch: 20, shrink: 20, step: 1, non-selected.
Package microtype Info: Using default expansion set `basictext'.
Package microtype Info: No adjustment of tracking.
Package microtype Info: No adjustment of interword spacing.
Package microtype Info: No adjustment of character kerning.

(c:/texlive/2015/texmf-dist/tex/latex/microtype/mt-cmr.cfg
File: mt-cmr.cfg 2013/05/19 v2.2 microtype config. file: Computer Modern Roman 
(RS)
)
LaTeX Font Info:    Try loading font information for T1+lmss on input line 160.


(c:/texlive/2015/texmf-dist/tex/latex/lm/t1lmss.fd
File: t1lmss.fd 2009/10/30 v1.6 Font defs for Latin Modern
)
Package microtype Info: Loading generic settings for font family
(microtype)             `lmss' (encoding: T1).
(microtype)             For optimal results, create family-specific settings.
(microtype)             See the microtype manual for details.
 [1

{c:/texlive/2015/texmf-var/fonts/map/pdftex/updmap/pdftex.map}] [2

]
LaTeX Font Info:    Try loading font information for OT1+lmr on input line 168.


(c:/texlive/2015/texmf-dist/tex/latex/lm/ot1lmr.fd
File: ot1lmr.fd 2009/10/30 v1.6 Font defs for Latin Modern
)
LaTeX Font Info:    Try loading font information for OML+lmm on input line 168.


(c:/texlive/2015/texmf-dist/tex/latex/lm/omllmm.fd
File: omllmm.fd 2009/10/30 v1.6 Font defs for Latin Modern
)
LaTeX Font Info:    Try loading font information for OMS+lmsy on input line 168
.

(c:/texlive/2015/texmf-dist/tex/latex/lm/omslmsy.fd
File: omslmsy.fd 2009/10/30 v1.6 Font defs for Latin Modern
)
LaTeX Font Info:    Try loading font information for OMX+lmex on input line 168
.

(c:/texlive/2015/texmf-dist/tex/latex/lm/omxlmex.fd
File: omxlmex.fd 2009/10/30 v1.6 Font defs for Latin Modern
)
LaTeX Font Info:    External font `lmex10' loaded for size
(Font)              <12> on input line 168.
LaTeX Font Info:    External font `lmex10' loaded for size
(Font)              <8> on input line 168.
LaTeX Font Info:    External font `lmex10' loaded for size
(Font)              <6> on input line 168.
pdfTeX warning (ext4): destination with the same identifier (name{page.1}) has 
been already used, duplicate ignored
<to be read again> 
                   \relax 
l.168 
       [1


]pdfTeX warning (ext4): destination with the same identifier (name{page.2}) has
 been already used, duplicate ignored
<to be read again> 
                   \relax 
l.168 
       [2

] (./relatorioPIBIC_LucasBocanegra.lof) [3] [4

]
(./relatorioPIBIC_LucasBocanegra.lot) [5] [6

] [7

] [8

] [9

] [10

]
(./relatorioPIBIC_LucasBocanegra.toc
LaTeX Font Info:    Font shape `T1/lmss/m/it' in size <12> not available
(Font)              Font shape `T1/lmss/m/sl' tried instead on input line 21.

Underfull \vbox (badness 2205) has occurred while \output is active []

 [11]
Underfull \vbox (badness 2903) has occurred while \output is active []

 [12]
Underfull \vbox (badness 3219) has occurred while \output is active []

 [13]
[14]
LaTeX Font Info:    External font `lmex10' loaded for size
(Font)              <14.4> on input line 191.
LaTeX Font Info:    External font `lmex10' loaded for size
(Font)              <10> on input line 191.
LaTeX Font Info:    External font `lmex10' loaded for size
(Font)              <7> on input line 191.

Underfull \vbox (badness 10000) has occurred while \output is active []

 [15]
Overfull \hbox (6.4481pt too wide) in paragraph at lines 199--199
 [][] [][][]\T1/lmss/bx/n/12 NULLAM ELE-MEN-TUM URNA VEL IM-PER-DIET 
 []


Overfull \hbox (1.3121pt too wide) in paragraph at lines 199--199
 \T1/lmss/bx/n/12 SO-DA-LES ELIT IP-SUM PHA-RE-TRA LI-GULA AC 
 []

) [16]

LaTeX Warning: Citation `abntex2classe' on page 17 undefined on input line 240.


LaTeX Font Info:    External font `lmex10' loaded for size
(Font)              <5> on input line 247.

LaTeX Warning: Citation `abntex2-wiki-como-customizar' on page 17 undefined on 
input line 255.


LaTeX Warning: Citation `abntex2classe' on page 17 undefined on input line 258.



LaTeX Warning: Citation `abntex2cite' on page 17 undefined on input line 258.


LaTeX Warning: Citation `abntex2cite-alf' on page 17 undefined on input line 25
8.


LaTeX Warning: Citation `memoir' on page 17 undefined on input line 259.


LaTeX Warning: Citation `abntex2modelo' on page 17 undefined on input line 259.


[17


]
\openout2 = `chapter-referencial-teorico.aux'.

 (./chapter-referencial-teorico.tex [18


]
LaTeX Font Info:    Try loading font information for T1+lmtt on input line 16.

(c:/texlive/2015/texmf-dist/tex/latex/lm/t1lmtt.fd
File: t1lmtt.fd 2009/10/30 v1.6 Font defs for Latin Modern
)
Package microtype Info: Loading generic settings for font family
(microtype)             `lmtt' (encoding: T1).
(microtype)             For optimal results, create family-specific settings.
(microtype)             See the microtype manual for details.


LaTeX Warning: Citation `NBR10520:2002' on page 19 undefined on input line 32.


Overfull \hbox (19.85774pt too wide) in paragraph at lines 39--39
[]\T1/lmtt/m/n/12 As citações diretas, no texto, com mais de três linhas [...] 
deve-se observar[] 
 []


LaTeX Warning: Citation `NBR14724:2011' on page 19 undefined on input line 75.

[19]
Underfull \hbox (badness 1721) in paragraph at lines 95--95
[]|\T1/lmr/bx/n/10 Sistemas de
 []


LaTeX Warning: Citation `van86' on page 20 undefined on input line 106.


LaTeX Warning: Citation `van86' on page 20 undefined on input line 106.


LaTeX Warning: Citation `ibge1993' on page 20 undefined on input line 110.

[20]

LaTeX Warning: Reference `fig_grafico' on page 21 undefined on input line 183.

LaTeX Font Info:    Font shape `T1/lmss/m/it' in size <14.4> not available
(Font)              Font shape `T1/lmss/m/sl' tried instead on input line 203.

LaTeX Warning: Reference `fig_minipage_imagem1' on page 21 undefined on input l
ine 208.


LaTeX Warning: Reference `fig_minipage_grafico2' on page 21 undefined on input 
line 208.


LaTeX Warning: Citation `NBR14724:2011' on page 21 undefined on input line 232.



LaTeX Warning: Citation `NBR14724:2011' on page 21 undefined on input line 245.


[21]

LaTeX Warning: Citation `NBR6024:2012' on page 22 undefined on input line 281.

[22]

LaTeX Warning: Citation `NBR6024:2012' on page 23 undefined on input line 304.


Overfull \hbox (22.32773pt too wide) in paragraph at lines 357--357
[]   \T1/lmtt/m/n/12 \usepackage{indentfirst}      % Indenta o primeiro parágra
fo de cada seção.[] 
 []

[23]

LaTeX Warning: Citation `memoir' on page 24 undefined on input line 387.

LaTeX Font Info:    External font `lmex10' loaded for size
(Font)              <17.28> on input line 410.
[24]
Overfull \hbox (1.95023pt too wide) in paragraph at lines 427--427
[]   \T1/lmtt/m/n/12 makeindex ARQUIVO_PRINCIPAL.nlo -s nomencl.ist -o ARQUIVO_
PRINCIPAL.nls[] 
 []


Overfull \hbox (8.12523pt too wide) in paragraph at lines 449--449
[]\T1/lmtt/m/n/12 Ao nomear a \autoref{tab-nivinv} e a \autoref{fig_circulo}, a
presentamos um[] 
 []


Overfull \hbox (26.03273pt too wide) in paragraph at lines 451--451
[]\T1/lmtt/m/n/12 \autoref{cap_exemplos}, que tem o nome \emph{\nameref{cap_exe
mplos}}. O número[] 
 []


Overfull \hbox (31.89899pt too wide) in paragraph at lines 453--453
[]\T1/lmtt/m/n/12 \autopageref{cap_exemplos}\footnote{O número da página de uma
 remissão pode ser[] 
 []


Overfull \hbox (26.34149pt too wide) in paragraph at lines 456--456
[]\T1/lmtt/m/n/12 Veja a \autoref{sec-divisoes} para outros exemplos de remissõ
es internas entre[] 
 []

[25]

LaTeX Warning: Citation `NBR14724:2011' on page 26 undefined on input line 527.



LaTeX Warning: Citation `NBR6024:2012' on page 26 undefined on input line 528.

[26]

LaTeX Warning: Citation `babel' on page 27 undefined on input line 572.


Class memoir Warning: The material used in the headers is too large
(28.99998pt) for the given head height (14.5pt), it is recommended to
either increase the head height or redesign the header
(in both cases you will find help in the memoir manual). on input line 573.


Overfull \vbox (14.49998pt too high) has occurred while \output is active []


[27]
Overfull \hbox (207.47176pt too wide) in paragraph at lines 589--589
 [] [] [][]\T1/lmr/m/n/10 (-20) Extraído de: [][]$<[]http : / / bigbrowser . bl
og . lemonde . fr / 2013 / 02 / 17 / tu-[]ne-[]tweeteras-[]point-[]le-[]vatican
-[]interdit-[]aux-[]cardinaux-[]de-[]tweeter-[]pendant-[]le-[]conclave /
 []


Package babel Warning: You haven't loaded the language french yet
(babel)                I'll proceed, but expect unexpected results.
(babel)                Reported on input line 591.

LaTeX Info: Redefining \. on input line 607.
LaTeX Info: Redefining \% on input line 607.

LaTeX Warning: Citation `abntex2classe' on page 28 undefined on input line 617.



LaTeX Warning: Citation `abntex2classe' on page 28 undefined on input line 627.



Underfull \vbox (badness 1590) has occurred while \output is active []

 [28]

LaTeX Warning: Citation `NBR14724:2011' on page 29 undefined on input line 632.



LaTeX Warning: Citation `abntex2cite' on page 29 undefined on input line 642.


LaTeX Warning: Citation `abntex2cite-alf' on page 29 undefined on input line 64
2.


Overfull \hbox (6.91217pt too wide) in paragraph at lines 680--683
[]\T1/lmr/m/n/12 (-20) Inscreva-se no grupo de usuá-rios L[]T[]X: [][]$<[]http 
: / / groups . google . com / group / latex-[]br>[]$[][],
 []

LaTeX Font Info:    Font shape `T1/lmss/m/it' in size <10> not available
(Font)              Font shape `T1/lmss/m/sl' tried instead on input line 695.
[29]) [30]
\openout2 = `chapter-trabalhos-relacionados.aux'.

 (./chapter-trabalhos-relacionados.tex

LaTeX Warning: Citation `NBR10520:2002' on page 31 undefined on input line 34.


Overfull \hbox (19.85774pt too wide) in paragraph at lines 41--41
[]\T1/lmtt/m/n/12 As citações diretas, no texto, com mais de três linhas [...] 
deve-se observar[] 
 []


LaTeX Warning: Citation `NBR14724:2011' on page 31 undefined on input line 77.

[31



]
Underfull \hbox (badness 1721) in paragraph at lines 97--97
[]|\T1/lmr/bx/n/10 Sistemas de
 []


LaTeX Warning: Citation `van86' on page 32 undefined on input line 108.


LaTeX Warning: Citation `van86' on page 32 undefined on input line 108.


LaTeX Warning: Citation `ibge1993' on page 32 undefined on input line 112.

[32]

LaTeX Warning: Reference `fig_grafico' on page 33 undefined on input line 185.


LaTeX Warning: Citation `NBR14724:2011' on page 33 undefined on input line 240.



LaTeX Warning: Citation `NBR14724:2011' on page 33 undefined on input line 253.


[33]

LaTeX Warning: Citation `NBR6024:2012' on page 34 undefined on input line 289.


LaTeX Warning: Citation `NBR6024:2012' on page 34 undefined on input line 312.

[34]
Overfull \hbox (22.32773pt too wide) in paragraph at lines 365--365
[]   \T1/lmtt/m/n/12 \usepackage{indentfirst}      % Indenta o primeiro parágra
fo de cada seção.[] 
 []

[35]

LaTeX Warning: Citation `memoir' on page 36 undefined on input line 395.

[36]
Overfull \hbox (1.95023pt too wide) in paragraph at lines 435--435
[]   \T1/lmtt/m/n/12 makeindex ARQUIVO_PRINCIPAL.nlo -s nomencl.ist -o ARQUIVO_
PRINCIPAL.nls[] 
 []


Overfull \hbox (8.12523pt too wide) in paragraph at lines 457--457
[]\T1/lmtt/m/n/12 Ao nomear a \autoref{tab-nivinv} e a \autoref{fig_circulo}, a
presentamos um[] 
 []


Overfull \hbox (26.03273pt too wide) in paragraph at lines 459--459
[]\T1/lmtt/m/n/12 \autoref{cap_exemplos}, que tem o nome \emph{\nameref{cap_exe
mplos}}. O número[] 
 []


Overfull \hbox (31.89899pt too wide) in paragraph at lines 461--461
[]\T1/lmtt/m/n/12 \autopageref{cap_exemplos}\footnote{O número da página de uma
 remissão pode ser[] 
 []


Overfull \hbox (26.34149pt too wide) in paragraph at lines 464--464
[]\T1/lmtt/m/n/12 Veja a \autoref{sec-divisoes} para outros exemplos de remissõ
es internas entre[] 
 []

[37]

LaTeX Warning: Citation `NBR14724:2011' on page 38 undefined on input line 535.



LaTeX Warning: Citation `NBR6024:2012' on page 38 undefined on input line 536.

[38]

LaTeX Warning: Citation `babel' on page 39 undefined on input line 580.

[39]
Overfull \hbox (207.47176pt too wide) in paragraph at lines 597--597
 [] [] [][]\T1/lmr/m/n/10 (-20) Extraído de: [][]$<[]http : / / bigbrowser . bl
og . lemonde . fr / 2013 / 02 / 17 / tu-[]ne-[]tweeteras-[]point-[]le-[]vatican
-[]interdit-[]aux-[]cardinaux-[]de-[]tweeter-[]pendant-[]le-[]conclave /
 []


Package babel Warning: You haven't loaded the language french yet
(babel)                I'll proceed, but expect unexpected results.
(babel)                Reported on input line 599.

LaTeX Info: Redefining \. on input line 615.
LaTeX Info: Redefining \% on input line 615.

LaTeX Warning: Citation `abntex2classe' on page 40 undefined on input line 625.



LaTeX Warning: Citation `abntex2classe' on page 40 undefined on input line 635.



LaTeX Warning: Citation `NBR14724:2011' on page 40 undefined on input line 640.


[40]

LaTeX Warning: Citation `abntex2cite' on page 41 undefined on input line 650.


LaTeX Warning: Citation `abntex2cite-alf' on page 41 undefined on input line 65
0.


Overfull \hbox (6.91217pt too wide) in paragraph at lines 688--691
[]\T1/lmr/m/n/12 (-20) Inscreva-se no grupo de usuá-rios L[]T[]X: [][]$<[]http 
: / / groups . google . com / group / latex-[]br>[]$[][],
 []


Underfull \vbox (badness 1502) has occurred while \output is active []

 [41])
[42]
\openout2 = `chapter-metodologia.aux'.

 (./chapter-metodologia.tex

LaTeX Warning: Citation `NBR10520:2002' on page 43 undefined on input line 53.


Overfull \hbox (19.85774pt too wide) in paragraph at lines 60--60
[]\T1/lmtt/m/n/12 As citações diretas, no texto, com mais de três linhas [...] 
deve-se observar[] 
 []


LaTeX Warning: Citation `NBR14724:2011' on page 43 undefined on input line 96.

[43



]
Underfull \hbox (badness 1721) in paragraph at lines 116--116
[]|\T1/lmr/bx/n/10 Sistemas de
 []


LaTeX Warning: Citation `van86' on page 44 undefined on input line 127.


LaTeX Warning: Citation `van86' on page 44 undefined on input line 127.


LaTeX Warning: Citation `ibge1993' on page 44 undefined on input line 131.

[44]

LaTeX Warning: Reference `fig_grafico' on page 45 undefined on input line 204.


LaTeX Warning: Citation `NBR14724:2011' on page 45 undefined on input line 259.



LaTeX Warning: Citation `NBR14724:2011' on page 45 undefined on input line 272.


[45]

LaTeX Warning: Citation `NBR6024:2012' on page 46 undefined on input line 308.


LaTeX Warning: Citation `NBR6024:2012' on page 46 undefined on input line 331.

[46]
Overfull \hbox (22.32773pt too wide) in paragraph at lines 384--384
[]   \T1/lmtt/m/n/12 \usepackage{indentfirst}      % Indenta o primeiro parágra
fo de cada seção.[] 
 []

[47]

LaTeX Warning: Citation `memoir' on page 48 undefined on input line 414.

[48]
Overfull \hbox (1.95023pt too wide) in paragraph at lines 454--454
[]   \T1/lmtt/m/n/12 makeindex ARQUIVO_PRINCIPAL.nlo -s nomencl.ist -o ARQUIVO_
PRINCIPAL.nls[] 
 []


Overfull \hbox (8.12523pt too wide) in paragraph at lines 476--476
[]\T1/lmtt/m/n/12 Ao nomear a \autoref{tab-nivinv} e a \autoref{fig_circulo}, a
presentamos um[] 
 []


Overfull \hbox (26.03273pt too wide) in paragraph at lines 478--478
[]\T1/lmtt/m/n/12 \autoref{cap_exemplos}, que tem o nome \emph{\nameref{cap_exe
mplos}}. O número[] 
 []


Overfull \hbox (31.89899pt too wide) in paragraph at lines 480--480
[]\T1/lmtt/m/n/12 \autopageref{cap_exemplos}\footnote{O número da página de uma
 remissão pode ser[] 
 []


Overfull \hbox (26.34149pt too wide) in paragraph at lines 483--483
[]\T1/lmtt/m/n/12 Veja a \autoref{sec-divisoes} para outros exemplos de remissõ
es internas entre[] 
 []

[49]

LaTeX Warning: Citation `NBR14724:2011' on page 50 undefined on input line 554.



LaTeX Warning: Citation `NBR6024:2012' on page 50 undefined on input line 555.

[50]

LaTeX Warning: Citation `babel' on page 51 undefined on input line 599.

[51]
Overfull \hbox (207.47176pt too wide) in paragraph at lines 616--616
 [] [] [][]\T1/lmr/m/n/10 (-20) Extraído de: [][]$<[]http : / / bigbrowser . bl
og . lemonde . fr / 2013 / 02 / 17 / tu-[]ne-[]tweeteras-[]point-[]le-[]vatican
-[]interdit-[]aux-[]cardinaux-[]de-[]tweeter-[]pendant-[]le-[]conclave /
 []


Package babel Warning: You haven't loaded the language french yet
(babel)                I'll proceed, but expect unexpected results.
(babel)                Reported on input line 618.

LaTeX Info: Redefining \. on input line 634.
LaTeX Info: Redefining \% on input line 634.

LaTeX Warning: Citation `abntex2classe' on page 52 undefined on input line 644.



LaTeX Warning: Citation `abntex2classe' on page 52 undefined on input line 654.



LaTeX Warning: Citation `NBR14724:2011' on page 52 undefined on input line 659.


[52]

LaTeX Warning: Citation `abntex2cite' on page 53 undefined on input line 669.


LaTeX Warning: Citation `abntex2cite-alf' on page 53 undefined on input line 66
9.


Overfull \hbox (6.91217pt too wide) in paragraph at lines 707--710
[]\T1/lmr/m/n/12 (-20) Inscreva-se no grupo de usuá-rios L[]T[]X: [][]$<[]http 
: / / groups . google . com / group / latex-[]br>[]$[][],
 []


Underfull \vbox (badness 1502) has occurred while \output is active []

 [53])
[54]
\openout2 = `chapter-resultados.aux'.

 (./chapter-resultados.tex

LaTeX Warning: Citation `NBR10520:2002' on page 55 undefined on input line 53.


Overfull \hbox (19.85774pt too wide) in paragraph at lines 60--60
[]\T1/lmtt/m/n/12 As citações diretas, no texto, com mais de três linhas [...] 
deve-se observar[] 
 []


LaTeX Warning: Citation `NBR14724:2011' on page 55 undefined on input line 96.

[55



]
Underfull \hbox (badness 1721) in paragraph at lines 116--116
[]|\T1/lmr/bx/n/10 Sistemas de
 []


LaTeX Warning: Citation `van86' on page 56 undefined on input line 127.


LaTeX Warning: Citation `van86' on page 56 undefined on input line 127.


LaTeX Warning: Citation `ibge1993' on page 56 undefined on input line 131.

[56]

LaTeX Warning: Reference `fig_grafico' on page 57 undefined on input line 204.


LaTeX Warning: Citation `NBR14724:2011' on page 57 undefined on input line 261.



LaTeX Warning: Citation `NBR14724:2011' on page 57 undefined on input line 274.


[57]

LaTeX Warning: Citation `NBR6024:2012' on page 58 undefined on input line 310.


LaTeX Warning: Citation `NBR6024:2012' on page 58 undefined on input line 333.

[58]
Overfull \hbox (22.32773pt too wide) in paragraph at lines 386--386
[]   \T1/lmtt/m/n/12 \usepackage{indentfirst}      % Indenta o primeiro parágra
fo de cada seção.[] 
 []

[59]

LaTeX Warning: Citation `memoir' on page 60 undefined on input line 416.

[60]
Overfull \hbox (1.95023pt too wide) in paragraph at lines 456--456
[]   \T1/lmtt/m/n/12 makeindex ARQUIVO_PRINCIPAL.nlo -s nomencl.ist -o ARQUIVO_
PRINCIPAL.nls[] 
 []


Overfull \hbox (8.12523pt too wide) in paragraph at lines 478--478
[]\T1/lmtt/m/n/12 Ao nomear a \autoref{tab-nivinv} e a \autoref{fig_circulo}, a
presentamos um[] 
 []


Overfull \hbox (26.03273pt too wide) in paragraph at lines 480--480
[]\T1/lmtt/m/n/12 \autoref{cap_exemplos}, que tem o nome \emph{\nameref{cap_exe
mplos}}. O número[] 
 []


Overfull \hbox (31.89899pt too wide) in paragraph at lines 482--482
[]\T1/lmtt/m/n/12 \autopageref{cap_exemplos}\footnote{O número da página de uma
 remissão pode ser[] 
 []


Overfull \hbox (26.34149pt too wide) in paragraph at lines 485--485
[]\T1/lmtt/m/n/12 Veja a \autoref{sec-divisoes} para outros exemplos de remissõ
es internas entre[] 
 []

[61]

LaTeX Warning: Citation `NBR14724:2011' on page 62 undefined on input line 556.



LaTeX Warning: Citation `NBR6024:2012' on page 62 undefined on input line 557.

[62]

LaTeX Warning: Citation `babel' on page 63 undefined on input line 601.

[63]
Overfull \hbox (207.47176pt too wide) in paragraph at lines 618--618
 [] [] [][]\T1/lmr/m/n/10 (-20) Extraído de: [][]$<[]http : / / bigbrowser . bl
og . lemonde . fr / 2013 / 02 / 17 / tu-[]ne-[]tweeteras-[]point-[]le-[]vatican
-[]interdit-[]aux-[]cardinaux-[]de-[]tweeter-[]pendant-[]le-[]conclave /
 []


Package babel Warning: You haven't loaded the language french yet
(babel)                I'll proceed, but expect unexpected results.
(babel)                Reported on input line 620.

LaTeX Info: Redefining \. on input line 636.
LaTeX Info: Redefining \% on input line 636.

LaTeX Warning: Citation `abntex2classe' on page 64 undefined on input line 646.



LaTeX Warning: Citation `abntex2classe' on page 64 undefined on input line 656.



LaTeX Warning: Citation `NBR14724:2011' on page 64 undefined on input line 661.


[64]

LaTeX Warning: Citation `abntex2cite' on page 65 undefined on input line 671.


LaTeX Warning: Citation `abntex2cite-alf' on page 65 undefined on input line 67
1.


Overfull \hbox (6.91217pt too wide) in paragraph at lines 709--712
[]\T1/lmr/m/n/12 (-20) Inscreva-se no grupo de usuá-rios L[]T[]X: [][]$<[]http 
: / / groups . google . com / group / latex-[]br>[]$[][],
 []


Underfull \vbox (badness 1502) has occurred while \output is active []

 [65])
[66]
\openout2 = `chapter-avaliacao.aux'.

 (./chapter-avaliacao.tex

LaTeX Warning: Citation `NBR10520:2002' on page 67 undefined on input line 53.


Overfull \hbox (19.85774pt too wide) in paragraph at lines 60--60
[]\T1/lmtt/m/n/12 As citações diretas, no texto, com mais de três linhas [...] 
deve-se observar[] 
 []


LaTeX Warning: Citation `NBR14724:2011' on page 67 undefined on input line 96.

[67



]
Underfull \hbox (badness 1721) in paragraph at lines 116--116
[]|\T1/lmr/bx/n/10 Sistemas de
 []


LaTeX Warning: Citation `van86' on page 68 undefined on input line 127.


LaTeX Warning: Citation `van86' on page 68 undefined on input line 127.


LaTeX Warning: Citation `ibge1993' on page 68 undefined on input line 131.

[68]

LaTeX Warning: Reference `fig_grafico' on page 69 undefined on input line 204.


LaTeX Warning: Citation `NBR14724:2011' on page 69 undefined on input line 261.



LaTeX Warning: Citation `NBR14724:2011' on page 69 undefined on input line 274.


[69]

LaTeX Warning: Citation `NBR6024:2012' on page 70 undefined on input line 310.


LaTeX Warning: Citation `NBR6024:2012' on page 70 undefined on input line 333.

[70]
Overfull \hbox (22.32773pt too wide) in paragraph at lines 386--386
[]   \T1/lmtt/m/n/12 \usepackage{indentfirst}      % Indenta o primeiro parágra
fo de cada seção.[] 
 []

[71]

LaTeX Warning: Citation `memoir' on page 72 undefined on input line 416.

[72]
Overfull \hbox (1.95023pt too wide) in paragraph at lines 456--456
[]   \T1/lmtt/m/n/12 makeindex ARQUIVO_PRINCIPAL.nlo -s nomencl.ist -o ARQUIVO_
PRINCIPAL.nls[] 
 []


Overfull \hbox (8.12523pt too wide) in paragraph at lines 478--478
[]\T1/lmtt/m/n/12 Ao nomear a \autoref{tab-nivinv} e a \autoref{fig_circulo}, a
presentamos um[] 
 []


Overfull \hbox (26.03273pt too wide) in paragraph at lines 480--480
[]\T1/lmtt/m/n/12 \autoref{cap_exemplos}, que tem o nome \emph{\nameref{cap_exe
mplos}}. O número[] 
 []


Overfull \hbox (31.89899pt too wide) in paragraph at lines 482--482
[]\T1/lmtt/m/n/12 \autopageref{cap_exemplos}\footnote{O número da página de uma
 remissão pode ser[] 
 []


Overfull \hbox (26.34149pt too wide) in paragraph at lines 485--485
[]\T1/lmtt/m/n/12 Veja a \autoref{sec-divisoes} para outros exemplos de remissõ
es internas entre[] 
 []

[73]

LaTeX Warning: Citation `NBR14724:2011' on page 74 undefined on input line 556.



LaTeX Warning: Citation `NBR6024:2012' on page 74 undefined on input line 557.

[74]

LaTeX Warning: Citation `babel' on page 75 undefined on input line 601.

[75]
Overfull \hbox (207.47176pt too wide) in paragraph at lines 618--618
 [] [] [][]\T1/lmr/m/n/10 (-20) Extraído de: [][]$<[]http : / / bigbrowser . bl
og . lemonde . fr / 2013 / 02 / 17 / tu-[]ne-[]tweeteras-[]point-[]le-[]vatican
-[]interdit-[]aux-[]cardinaux-[]de-[]tweeter-[]pendant-[]le-[]conclave /
 []


Package babel Warning: You haven't loaded the language french yet
(babel)                I'll proceed, but expect unexpected results.
(babel)                Reported on input line 620.

LaTeX Info: Redefining \. on input line 636.
LaTeX Info: Redefining \% on input line 636.

LaTeX Warning: Citation `abntex2classe' on page 76 undefined on input line 646.



LaTeX Warning: Citation `abntex2classe' on page 76 undefined on input line 656.



LaTeX Warning: Citation `NBR14724:2011' on page 76 undefined on input line 661.


[76]

LaTeX Warning: Citation `abntex2cite' on page 77 undefined on input line 671.


LaTeX Warning: Citation `abntex2cite-alf' on page 77 undefined on input line 67
1.


Overfull \hbox (6.91217pt too wide) in paragraph at lines 709--712
[]\T1/lmr/m/n/12 (-20) Inscreva-se no grupo de usuá-rios L[]T[]X: [][]$<[]http 
: / / groups . google . com / group / latex-[]br>[]$[][],
 []


Underfull \vbox (badness 1502) has occurred while \output is active []

 [77])
[78] (./relatorioPIBIC_LucasBocanegra.bbl (./relatorioPIBIC_LucasBocanegra.brf)
\tf@brf=\write5
\openout5 = `relatorioPIBIC_LucasBocanegra.brf'.

[79


] [80

]

Package hyperref Warning: Token not allowed in a PDF string (PDFDocEncoding):
(hyperref)                removing `\uppercase' on input line 3.

bibitemlist

LaTeX Warning: Empty `thebibliography' environment on input line 8.

) [81] [82

]

Package hyperref Warning: Token not allowed in a PDF string (PDFDocEncoding):
(hyperref)                removing `\uppercase' on input line 324.

[83

] [84] [85

] [86

] [87] [88

]

Package hyperref Warning: Token not allowed in a PDF string (PDFDocEncoding):
(hyperref)                removing `\uppercase' on input line 352.

[89

] [90] [91

] [92

] [93] [94

]
No file relatorioPIBIC_LucasBocanegra.ind.

Class memoir Warning: The material used in the headers is too large
(28.99998pt) for the given head height (14.5pt), it is recommended to
either increase the head height or redesign the header
(in both cases you will find help in the memoir manual). on input line 382.

[95]
\tf@lof=\write6
\openout6 = `relatorioPIBIC_LucasBocanegra.lof'.

\tf@lot=\write7
\openout7 = `relatorioPIBIC_LucasBocanegra.lot'.

\tf@toc=\write8
\openout8 = `relatorioPIBIC_LucasBocanegra.toc'.

Package atveryend Info: Empty hook `BeforeClearDocument' on input line 382.
Package atveryend Info: Empty hook `AfterLastShipout' on input line 382.
 (./relatorioPIBIC_LucasBocanegra.aux (./chapter-referencial-teorico.aux)
(./chapter-trabalhos-relacionados.aux) (./chapter-metodologia.aux)
(./chapter-resultados.aux) (./chapter-avaliacao.aux))
Package atveryend Info: Executing hook `AtVeryEndDocument' on input line 382.
Package atveryend Info: Executing hook `AtEndAfterFileList' on input line 382.


Package rerunfilecheck Warning: File `relatorioPIBIC_LucasBocanegra.brf' has ch
anged.
(rerunfilecheck)                Rerun to get bibliographical references right.

Package rerunfilecheck Info: Checksums for `relatorioPIBIC_LucasBocanegra.brf':

(rerunfilecheck)             Before: 73E2B86AA877D49CBEE3610DB131F6C0;4622
(rerunfilecheck)             After:  63402F9D7E44019157C6C09B31190721;4622.

LaTeX Warning: There were undefined references.


LaTeX Warning: There were multiply-defined labels.

Package atveryend Info: Empty hook `AtVeryVeryEnd' on input line 382.
 ) 
Here is how much of TeX's memory you used:
 14028 strings out of 493093
 205559 string characters out of 6138556
 477878 words of memory out of 5000000
 16698 multiletter control sequences out of 15000+600000
 110164 words of font info for 140 fonts, out of 8000000 for 9000
 1141 hyphenation exceptions out of 8191
 42i,13n,36p,497b,629s stack positions out of 5000i,500n,10000p,200000b,80000s
{c:/texlive/2015/texmf-dist/fonts/enc/dvips/lm/lm-ec.enc}{c:/texlive/2015/tex
mf-dist/fonts/enc/dvips/lm/lm-rm.enc}{c:/texlive/2015/texmf-dist/fonts/enc/dvip
s/lm/lm-mathex.enc}{c:/texlive/2015/texmf-dist/fonts/enc/dvips/lm/lm-mathsy.enc
}{c:/texlive/2015/texmf-dist/fonts/enc/dvips/lm/lm-mathit.enc}<c:/texlive/2015/
texmf-dist/fonts/type1/public/amsfonts/latxfont/line10.pfb><c:/texlive/2015/tex
mf-dist/fonts/type1/public/lm/lmbx10.pfb><c:/texlive/2015/texmf-dist/fonts/type
1/public/lm/lmbx12.pfb><c:/texlive/2015/texmf-dist/fonts/type1/public/lm/lmex10
.pfb><c:/texlive/2015/texmf-dist/fonts/type1/public/lm/lmmi12.pfb><c:/texlive/2
015/texmf-dist/fonts/type1/public/lm/lmmi8.pfb><c:/texlive/2015/texmf-dist/font
s/type1/public/lm/lmr10.pfb><c:/texlive/2015/texmf-dist/fonts/type1/public/lm/l
mr12.pfb><c:/texlive/2015/texmf-dist/fonts/type1/public/lm/lmr7.pfb><c:/texlive
/2015/texmf-dist/fonts/type1/public/lm/lmr8.pfb><c:/texlive/2015/texmf-dist/fon
ts/type1/public/lm/lmri10.pfb><c:/texlive/2015/texmf-dist/fonts/type1/public/lm
/lmri12.pfb><c:/texlive/2015/texmf-dist/fonts/type1/public/lm/lmss10.pfb><c:/te
xlive/2015/texmf-dist/fonts/type1/public/lm/lmss12.pfb><c:/texlive/2015/texmf-d
ist/fonts/type1/public/lm/lmss17.pfb><c:/texlive/2015/texmf-dist/fonts/type1/pu
blic/lm/lmss8.pfb><c:/texlive/2015/texmf-dist/fonts/type1/public/lm/lmssbx10.pf
b><c:/texlive/2015/texmf-dist/fonts/type1/public/lm/lmsso10.pfb><c:/texlive/201
5/texmf-dist/fonts/type1/public/lm/lmsso12.pfb><c:/texlive/2015/texmf-dist/font
s/type1/public/lm/lmsy10.pfb><c:/texlive/2015/texmf-dist/fonts/type1/public/lm/
lmsy8.pfb><c:/texlive/2015/texmf-dist/fonts/type1/public/lm/lmtt12.pfb>
Output written on relatorioPIBIC_LucasBocanegra.pdf (97 pages, 605865 bytes).
PDF statistics:
 1906 PDF objects out of 2073 (max. 8388607)
 1767 compressed objects within 18 object streams
 433 named destinations out of 1000 (max. 500000)
 39225 words of extra memory for PDF output out of 42996 (max. 10000000)

